<?xml version="1.0" encoding="UTF-8"?>
<testng-results ignored="0" total="1" passed="1" failed="0" skipped="0">
  <reporter-output>
    <line>
      <![CDATA[Create customer]]>
    </line>
  </reporter-output>
  <suite started-at="2023-09-27T16:52:58 IST" name="Default suite" finished-at="2023-09-27T16:52:59 IST" duration-ms="157">
    <groups>
    </groups>
    <test started-at="2023-09-27T16:52:58 IST" name="Default test" finished-at="2023-09-27T16:52:59 IST" duration-ms="157">
      <class name="com.actiitme.testscript.CustomerModule">
        <test-method signature="createCustomer()[pri:0, instance:com.actiitme.testscript.CustomerModule@c8c12ac]" started-at="2023-09-27T16:52:59 IST" name="createCustomer" finished-at="2023-09-27T16:52:59 IST" duration-ms="31" status="PASS">
          <reporter-output>
            <line>
              <![CDATA[Create customer]]>
            </line>
          </reporter-output>
        </test-method> <!-- createCustomer -->
      </class> <!-- com.actiitme.testscript.CustomerModule -->
    </test> <!-- Default test -->
  </suite> <!-- Default suite -->
</testng-results>
